CRITICAL - 2022-06-11 11:46:33 --> Undefined property: stdClass::$file_exel
#0 C:\xampp\htdocs\wedding_org\app\Views\contact\index.php(143): CodeIgniter\Debug\Exceptions->errorHandler(2, 'Undefined prope...', 'C:\\xampp\\htdocs...', 143)
#1 C:\xampp\htdocs\wedding_org\system\View\View.php(210): include('C:\\xampp\\htdocs...')
#2 C:\xampp\htdocs\wedding_org\system\View\View.php(213): CodeIgniter\View\View->CodeIgniter\View\{closure}()
#3 C:\xampp\htdocs\wedding_org\system\Common.php(1089): CodeIgniter\View\View->render('contact/index', Array, true)
#4 C:\xampp\htdocs\wedding_org\app\Controllers\Contacts.php(29): view('contact/index', Array)
#5 C:\xampp\htdocs\wedding_org\system\CodeIgniter.php(832): App\Controllers\Contacts->index()
#6 C:\xampp\htdocs\wedding_org\system\CodeIgniter.php(419): CodeIgniter\CodeIgniter->runController(Object(App\Controllers\Contacts))
#7 C:\xampp\htdocs\wedding_org\system\CodeIgniter.php(326): CodeIgniter\CodeIgniter->handleRequest(NULL, Object(Config\Cache), false)
#8 C:\xampp\htdocs\wedding_org\public\index.php(37): CodeIgniter\CodeIgniter->run()
#9 C:\xampp\htdocs\wedding_org\system\Commands\Server\rewrite.php(43): require_once('C:\\xampp\\htdocs...')
#10 {main}
CRITICAL - 2022-06-11 11:47:00 --> Undefined property: stdClass::$file_exel
#0 C:\xampp\htdocs\wedding_org\app\Views\contact\index.php(143): CodeIgniter\Debug\Exceptions->errorHandler(2, 'Undefined prope...', 'C:\\xampp\\htdocs...', 143)
#1 C:\xampp\htdocs\wedding_org\system\View\View.php(210): include('C:\\xampp\\htdocs...')
#2 C:\xampp\htdocs\wedding_org\system\View\View.php(213): CodeIgniter\View\View->CodeIgniter\View\{closure}()
#3 C:\xampp\htdocs\wedding_org\system\Common.php(1089): CodeIgniter\View\View->render('contact/index', Array, true)
#4 C:\xampp\htdocs\wedding_org\app\Controllers\Contacts.php(29): view('contact/index', Array)
#5 C:\xampp\htdocs\wedding_org\system\CodeIgniter.php(832): App\Controllers\Contacts->index()
#6 C:\xampp\htdocs\wedding_org\system\CodeIgniter.php(419): CodeIgniter\CodeIgniter->runController(Object(App\Controllers\Contacts))
#7 C:\xampp\htdocs\wedding_org\system\CodeIgniter.php(326): CodeIgniter\CodeIgniter->handleRequest(NULL, Object(Config\Cache), false)
#8 C:\xampp\htdocs\wedding_org\public\index.php(37): CodeIgniter\CodeIgniter->run()
#9 C:\xampp\htdocs\wedding_org\system\Commands\Server\rewrite.php(43): require_once('C:\\xampp\\htdocs...')
#10 {main}
CRITICAL - 2022-06-11 11:47:01 --> Undefined property: stdClass::$file_exel
#0 C:\xampp\htdocs\wedding_org\app\Views\contact\index.php(143): CodeIgniter\Debug\Exceptions->errorHandler(2, 'Undefined prope...', 'C:\\xampp\\htdocs...', 143)
#1 C:\xampp\htdocs\wedding_org\system\View\View.php(210): include('C:\\xampp\\htdocs...')
#2 C:\xampp\htdocs\wedding_org\system\View\View.php(213): CodeIgniter\View\View->CodeIgniter\View\{closure}()
#3 C:\xampp\htdocs\wedding_org\system\Common.php(1089): CodeIgniter\View\View->render('contact/index', Array, true)
#4 C:\xampp\htdocs\wedding_org\app\Controllers\Contacts.php(29): view('contact/index', Array)
#5 C:\xampp\htdocs\wedding_org\system\CodeIgniter.php(832): App\Controllers\Contacts->index()
#6 C:\xampp\htdocs\wedding_org\system\CodeIgniter.php(419): CodeIgniter\CodeIgniter->runController(Object(App\Controllers\Contacts))
#7 C:\xampp\htdocs\wedding_org\system\CodeIgniter.php(326): CodeIgniter\CodeIgniter->handleRequest(NULL, Object(Config\Cache), false)
#8 C:\xampp\htdocs\wedding_org\public\index.php(37): CodeIgniter\CodeIgniter->run()
#9 C:\xampp\htdocs\wedding_org\system\Commands\Server\rewrite.php(43): require_once('C:\\xampp\\htdocs...')
#10 {main}
CRITICAL - 2022-06-11 11:49:38 --> Undefined property: stdClass::$file_exel
#0 C:\xampp\htdocs\wedding_org\app\Views\contact\index.php(143): CodeIgniter\Debug\Exceptions->errorHandler(2, 'Undefined prope...', 'C:\\xampp\\htdocs...', 143)
#1 C:\xampp\htdocs\wedding_org\system\View\View.php(210): include('C:\\xampp\\htdocs...')
#2 C:\xampp\htdocs\wedding_org\system\View\View.php(213): CodeIgniter\View\View->CodeIgniter\View\{closure}()
#3 C:\xampp\htdocs\wedding_org\system\Common.php(1089): CodeIgniter\View\View->render('contact/index', Array, true)
#4 C:\xampp\htdocs\wedding_org\app\Controllers\Contacts.php(29): view('contact/index', Array)
#5 C:\xampp\htdocs\wedding_org\system\CodeIgniter.php(832): App\Controllers\Contacts->index()
#6 C:\xampp\htdocs\wedding_org\system\CodeIgniter.php(419): CodeIgniter\CodeIgniter->runController(Object(App\Controllers\Contacts))
#7 C:\xampp\htdocs\wedding_org\system\CodeIgniter.php(326): CodeIgniter\CodeIgniter->handleRequest(NULL, Object(Config\Cache), false)
#8 C:\xampp\htdocs\wedding_org\public\index.php(37): CodeIgniter\CodeIgniter->run()
#9 C:\xampp\htdocs\wedding_org\system\Commands\Server\rewrite.php(43): require_once('C:\\xampp\\htdocs...')
#10 {main}
CRITICAL - 2022-06-11 11:50:53 --> Undefined property: stdClass::$file_exel
#0 C:\xampp\htdocs\wedding_org\app\Views\contact\index.php(143): CodeIgniter\Debug\Exceptions->errorHandler(2, 'Undefined prope...', 'C:\\xampp\\htdocs...', 143)
#1 C:\xampp\htdocs\wedding_org\system\View\View.php(210): include('C:\\xampp\\htdocs...')
#2 C:\xampp\htdocs\wedding_org\system\View\View.php(213): CodeIgniter\View\View->CodeIgniter\View\{closure}()
#3 C:\xampp\htdocs\wedding_org\system\Common.php(1089): CodeIgniter\View\View->render('contact/index', Array, true)
#4 C:\xampp\htdocs\wedding_org\app\Controllers\Contacts.php(29): view('contact/index', Array)
#5 C:\xampp\htdocs\wedding_org\system\CodeIgniter.php(832): App\Controllers\Contacts->index()
#6 C:\xampp\htdocs\wedding_org\system\CodeIgniter.php(419): CodeIgniter\CodeIgniter->runController(Object(App\Controllers\Contacts))
#7 C:\xampp\htdocs\wedding_org\system\CodeIgniter.php(326): CodeIgniter\CodeIgniter->handleRequest(NULL, Object(Config\Cache), false)
#8 C:\xampp\htdocs\wedding_org\public\index.php(37): CodeIgniter\CodeIgniter->run()
#9 C:\xampp\htdocs\wedding_org\system\Commands\Server\rewrite.php(43): require_once('C:\\xampp\\htdocs...')
#10 {main}
CRITICAL - 2022-06-11 11:51:18 --> Undefined property: stdClass::$file_exel
#0 C:\xampp\htdocs\wedding_org\app\Views\contact\index.php(143): CodeIgniter\Debug\Exceptions->errorHandler(2, 'Undefined prope...', 'C:\\xampp\\htdocs...', 143)
#1 C:\xampp\htdocs\wedding_org\system\View\View.php(210): include('C:\\xampp\\htdocs...')
#2 C:\xampp\htdocs\wedding_org\system\View\View.php(213): CodeIgniter\View\View->CodeIgniter\View\{closure}()
#3 C:\xampp\htdocs\wedding_org\system\Common.php(1089): CodeIgniter\View\View->render('contact/index', Array, true)
#4 C:\xampp\htdocs\wedding_org\app\Controllers\Contacts.php(29): view('contact/index', Array)
#5 C:\xampp\htdocs\wedding_org\system\CodeIgniter.php(832): App\Controllers\Contacts->index()
#6 C:\xampp\htdocs\wedding_org\system\CodeIgniter.php(419): CodeIgniter\CodeIgniter->runController(Object(App\Controllers\Contacts))
#7 C:\xampp\htdocs\wedding_org\system\CodeIgniter.php(326): CodeIgniter\CodeIgniter->handleRequest(NULL, Object(Config\Cache), false)
#8 C:\xampp\htdocs\wedding_org\public\index.php(37): CodeIgniter\CodeIgniter->run()
#9 C:\xampp\htdocs\wedding_org\system\Commands\Server\rewrite.php(43): require_once('C:\\xampp\\htdocs...')
#10 {main}
CRITICAL - 2022-06-11 12:11:51 --> Undefined property: stdClass::$file_excel
#0 C:\xampp\htdocs\wedding_org\app\Views\contact\index.php(143): CodeIgniter\Debug\Exceptions->errorHandler(2, 'Undefined prope...', 'C:\\xampp\\htdocs...', 143)
#1 C:\xampp\htdocs\wedding_org\system\View\View.php(210): include('C:\\xampp\\htdocs...')
#2 C:\xampp\htdocs\wedding_org\system\View\View.php(213): CodeIgniter\View\View->CodeIgniter\View\{closure}()
#3 C:\xampp\htdocs\wedding_org\system\Common.php(1089): CodeIgniter\View\View->render('contact/index', Array, true)
#4 C:\xampp\htdocs\wedding_org\app\Controllers\Contacts.php(29): view('contact/index', Array)
#5 C:\xampp\htdocs\wedding_org\system\CodeIgniter.php(832): App\Controllers\Contacts->index()
#6 C:\xampp\htdocs\wedding_org\system\CodeIgniter.php(419): CodeIgniter\CodeIgniter->runController(Object(App\Controllers\Contacts))
#7 C:\xampp\htdocs\wedding_org\system\CodeIgniter.php(326): CodeIgniter\CodeIgniter->handleRequest(NULL, Object(Config\Cache), false)
#8 C:\xampp\htdocs\wedding_org\public\index.php(37): CodeIgniter\CodeIgniter->run()
#9 C:\xampp\htdocs\wedding_org\system\Commands\Server\rewrite.php(43): require_once('C:\\xampp\\htdocs...')
#10 {main}
CRITICAL - 2022-06-11 12:11:52 --> Undefined property: stdClass::$file_excel
#0 C:\xampp\htdocs\wedding_org\app\Views\contact\index.php(143): CodeIgniter\Debug\Exceptions->errorHandler(2, 'Undefined prope...', 'C:\\xampp\\htdocs...', 143)
#1 C:\xampp\htdocs\wedding_org\system\View\View.php(210): include('C:\\xampp\\htdocs...')
#2 C:\xampp\htdocs\wedding_org\system\View\View.php(213): CodeIgniter\View\View->CodeIgniter\View\{closure}()
#3 C:\xampp\htdocs\wedding_org\system\Common.php(1089): CodeIgniter\View\View->render('contact/index', Array, true)
#4 C:\xampp\htdocs\wedding_org\app\Controllers\Contacts.php(29): view('contact/index', Array)
#5 C:\xampp\htdocs\wedding_org\system\CodeIgniter.php(832): App\Controllers\Contacts->index()
#6 C:\xampp\htdocs\wedding_org\system\CodeIgniter.php(419): CodeIgniter\CodeIgniter->runController(Object(App\Controllers\Contacts))
#7 C:\xampp\htdocs\wedding_org\system\CodeIgniter.php(326): CodeIgniter\CodeIgniter->handleRequest(NULL, Object(Config\Cache), false)
#8 C:\xampp\htdocs\wedding_org\public\index.php(37): CodeIgniter\CodeIgniter->run()
#9 C:\xampp\htdocs\wedding_org\system\Commands\Server\rewrite.php(43): require_once('C:\\xampp\\htdocs...')
#10 {main}
CRITICAL - 2022-06-11 12:22:17 --> Undefined property: App\Controllers\Contacts::$config
#0 C:\xampp\htdocs\wedding_org\app\Controllers\Contacts.php(210): CodeIgniter\Debug\Exceptions->errorHandler(2, 'Undefined prope...', 'C:\\xampp\\htdocs...', 210)
#1 C:\xampp\htdocs\wedding_org\system\CodeIgniter.php(832): App\Controllers\Contacts->import()
#2 C:\xampp\htdocs\wedding_org\system\CodeIgniter.php(419): CodeIgniter\CodeIgniter->runController(Object(App\Controllers\Contacts))
#3 C:\xampp\htdocs\wedding_org\system\CodeIgniter.php(326): CodeIgniter\CodeIgniter->handleRequest(NULL, Object(Config\Cache), false)
#4 C:\xampp\htdocs\wedding_org\public\index.php(37): CodeIgniter\CodeIgniter->run()
#5 C:\xampp\htdocs\wedding_org\system\Commands\Server\rewrite.php(43): require_once('C:\\xampp\\htdocs...')
#6 {main}
CRITICAL - 2022-06-11 12:38:28 --> Undefined property: App\Controllers\Contacts::$contacts
#0 C:\xampp\htdocs\wedding_org\app\Controllers\Contacts.php(210): CodeIgniter\Debug\Exceptions->errorHandler(2, 'Undefined prope...', 'C:\\xampp\\htdocs...', 210)
#1 C:\xampp\htdocs\wedding_org\system\CodeIgniter.php(832): App\Controllers\Contacts->import()
#2 C:\xampp\htdocs\wedding_org\system\CodeIgniter.php(419): CodeIgniter\CodeIgniter->runController(Object(App\Controllers\Contacts))
#3 C:\xampp\htdocs\wedding_org\system\CodeIgniter.php(326): CodeIgniter\CodeIgniter->handleRequest(NULL, Object(Config\Cache), false)
#4 C:\xampp\htdocs\wedding_org\public\index.php(37): CodeIgniter\CodeIgniter->run()
#5 C:\xampp\htdocs\wedding_org\system\Commands\Server\rewrite.php(43): require_once('C:\\xampp\\htdocs...')
#6 {main}
