CRITICAL - 2022-06-04 11:07:52 --> Undefined variable $groups
#0 C:\xampp\htdocs\wedding_org\app\Views\undangan\add.php(30): CodeIgniter\Debug\Exceptions->errorHandler(2, 'Undefined varia...', 'C:\\xampp\\htdocs...', 30)
#1 C:\xampp\htdocs\wedding_org\system\View\View.php(210): include('C:\\xampp\\htdocs...')
#2 C:\xampp\htdocs\wedding_org\system\View\View.php(213): CodeIgniter\View\View->CodeIgniter\View\{closure}()
#3 C:\xampp\htdocs\wedding_org\system\Common.php(1089): CodeIgniter\View\View->render('undangan/add', Array, true)
#4 C:\xampp\htdocs\wedding_org\app\Controllers\Undangan.php(16): view('undangan/add')
#5 C:\xampp\htdocs\wedding_org\system\CodeIgniter.php(832): App\Controllers\Undangan->add()
#6 C:\xampp\htdocs\wedding_org\system\CodeIgniter.php(419): CodeIgniter\CodeIgniter->runController(Object(App\Controllers\Undangan))
#7 C:\xampp\htdocs\wedding_org\system\CodeIgniter.php(326): CodeIgniter\CodeIgniter->handleRequest(NULL, Object(Config\Cache), false)
#8 C:\xampp\htdocs\wedding_org\public\index.php(37): CodeIgniter\CodeIgniter->run()
#9 C:\xampp\htdocs\wedding_org\system\Commands\Server\rewrite.php(43): require_once('C:\\xampp\\htdocs...')
#10 {main}
CRITICAL - 2022-06-04 11:08:19 --> Undefined variable $groups
#0 C:\xampp\htdocs\wedding_org\app\Views\undangan\add.php(30): CodeIgniter\Debug\Exceptions->errorHandler(2, 'Undefined varia...', 'C:\\xampp\\htdocs...', 30)
#1 C:\xampp\htdocs\wedding_org\system\View\View.php(210): include('C:\\xampp\\htdocs...')
#2 C:\xampp\htdocs\wedding_org\system\View\View.php(213): CodeIgniter\View\View->CodeIgniter\View\{closure}()
#3 C:\xampp\htdocs\wedding_org\system\Common.php(1089): CodeIgniter\View\View->render('undangan/add', Array, true)
#4 C:\xampp\htdocs\wedding_org\app\Controllers\Undangan.php(16): view('undangan/add')
#5 C:\xampp\htdocs\wedding_org\system\CodeIgniter.php(832): App\Controllers\Undangan->add()
#6 C:\xampp\htdocs\wedding_org\system\CodeIgniter.php(419): CodeIgniter\CodeIgniter->runController(Object(App\Controllers\Undangan))
#7 C:\xampp\htdocs\wedding_org\system\CodeIgniter.php(326): CodeIgniter\CodeIgniter->handleRequest(NULL, Object(Config\Cache), false)
#8 C:\xampp\htdocs\wedding_org\public\index.php(37): CodeIgniter\CodeIgniter->run()
#9 C:\xampp\htdocs\wedding_org\system\Commands\Server\rewrite.php(43): require_once('C:\\xampp\\htdocs...')
#10 {main}
CRITICAL - 2022-06-04 11:08:25 --> Undefined variable $groups
#0 C:\xampp\htdocs\wedding_org\app\Views\undangan\add.php(30): CodeIgniter\Debug\Exceptions->errorHandler(2, 'Undefined varia...', 'C:\\xampp\\htdocs...', 30)
#1 C:\xampp\htdocs\wedding_org\system\View\View.php(210): include('C:\\xampp\\htdocs...')
#2 C:\xampp\htdocs\wedding_org\system\View\View.php(213): CodeIgniter\View\View->CodeIgniter\View\{closure}()
#3 C:\xampp\htdocs\wedding_org\system\Common.php(1089): CodeIgniter\View\View->render('undangan/add', Array, true)
#4 C:\xampp\htdocs\wedding_org\app\Controllers\Undangan.php(16): view('undangan/add')
#5 C:\xampp\htdocs\wedding_org\system\CodeIgniter.php(832): App\Controllers\Undangan->add()
#6 C:\xampp\htdocs\wedding_org\system\CodeIgniter.php(419): CodeIgniter\CodeIgniter->runController(Object(App\Controllers\Undangan))
#7 C:\xampp\htdocs\wedding_org\system\CodeIgniter.php(326): CodeIgniter\CodeIgniter->handleRequest(NULL, Object(Config\Cache), false)
#8 C:\xampp\htdocs\wedding_org\public\index.php(37): CodeIgniter\CodeIgniter->run()
#9 C:\xampp\htdocs\wedding_org\system\Commands\Server\rewrite.php(43): require_once('C:\\xampp\\htdocs...')
#10 {main}
CRITICAL - 2022-06-04 11:08:55 --> Undefined variable $groups
#0 C:\xampp\htdocs\wedding_org\app\Views\undangan\add.php(30): CodeIgniter\Debug\Exceptions->errorHandler(2, 'Undefined varia...', 'C:\\xampp\\htdocs...', 30)
#1 C:\xampp\htdocs\wedding_org\system\View\View.php(210): include('C:\\xampp\\htdocs...')
#2 C:\xampp\htdocs\wedding_org\system\View\View.php(213): CodeIgniter\View\View->CodeIgniter\View\{closure}()
#3 C:\xampp\htdocs\wedding_org\system\Common.php(1089): CodeIgniter\View\View->render('undangan/add', Array, true)
#4 C:\xampp\htdocs\wedding_org\app\Controllers\Undangan.php(16): view('undangan/add')
#5 C:\xampp\htdocs\wedding_org\system\CodeIgniter.php(832): App\Controllers\Undangan->add()
#6 C:\xampp\htdocs\wedding_org\system\CodeIgniter.php(419): CodeIgniter\CodeIgniter->runController(Object(App\Controllers\Undangan))
#7 C:\xampp\htdocs\wedding_org\system\CodeIgniter.php(326): CodeIgniter\CodeIgniter->handleRequest(NULL, Object(Config\Cache), false)
#8 C:\xampp\htdocs\wedding_org\public\index.php(37): CodeIgniter\CodeIgniter->run()
#9 C:\xampp\htdocs\wedding_org\system\Commands\Server\rewrite.php(43): require_once('C:\\xampp\\htdocs...')
#10 {main}
CRITICAL - 2022-06-04 11:08:58 --> Undefined variable $groups
#0 C:\xampp\htdocs\wedding_org\app\Views\undangan\add.php(30): CodeIgniter\Debug\Exceptions->errorHandler(2, 'Undefined varia...', 'C:\\xampp\\htdocs...', 30)
#1 C:\xampp\htdocs\wedding_org\system\View\View.php(210): include('C:\\xampp\\htdocs...')
#2 C:\xampp\htdocs\wedding_org\system\View\View.php(213): CodeIgniter\View\View->CodeIgniter\View\{closure}()
#3 C:\xampp\htdocs\wedding_org\system\Common.php(1089): CodeIgniter\View\View->render('undangan/add', Array, true)
#4 C:\xampp\htdocs\wedding_org\app\Controllers\Undangan.php(16): view('undangan/add')
#5 C:\xampp\htdocs\wedding_org\system\CodeIgniter.php(832): App\Controllers\Undangan->add()
#6 C:\xampp\htdocs\wedding_org\system\CodeIgniter.php(419): CodeIgniter\CodeIgniter->runController(Object(App\Controllers\Undangan))
#7 C:\xampp\htdocs\wedding_org\system\CodeIgniter.php(326): CodeIgniter\CodeIgniter->handleRequest(NULL, Object(Config\Cache), false)
#8 C:\xampp\htdocs\wedding_org\public\index.php(37): CodeIgniter\CodeIgniter->run()
#9 C:\xampp\htdocs\wedding_org\system\Commands\Server\rewrite.php(43): require_once('C:\\xampp\\htdocs...')
#10 {main}
CRITICAL - 2022-06-04 11:09:55 --> Undefined variable $groups
#0 C:\xampp\htdocs\wedding_org\app\Views\undangan\add.php(30): CodeIgniter\Debug\Exceptions->errorHandler(2, 'Undefined varia...', 'C:\\xampp\\htdocs...', 30)
#1 C:\xampp\htdocs\wedding_org\system\View\View.php(210): include('C:\\xampp\\htdocs...')
#2 C:\xampp\htdocs\wedding_org\system\View\View.php(213): CodeIgniter\View\View->CodeIgniter\View\{closure}()
#3 C:\xampp\htdocs\wedding_org\system\Common.php(1089): CodeIgniter\View\View->render('undangan/add', Array, true)
#4 C:\xampp\htdocs\wedding_org\app\Controllers\Undangan.php(16): view('undangan/add')
#5 C:\xampp\htdocs\wedding_org\system\CodeIgniter.php(832): App\Controllers\Undangan->add()
#6 C:\xampp\htdocs\wedding_org\system\CodeIgniter.php(419): CodeIgniter\CodeIgniter->runController(Object(App\Controllers\Undangan))
#7 C:\xampp\htdocs\wedding_org\system\CodeIgniter.php(326): CodeIgniter\CodeIgniter->handleRequest(NULL, Object(Config\Cache), false)
#8 C:\xampp\htdocs\wedding_org\public\index.php(37): CodeIgniter\CodeIgniter->run()
#9 C:\xampp\htdocs\wedding_org\system\Commands\Server\rewrite.php(43): require_once('C:\\xampp\\htdocs...')
#10 {main}
CRITICAL - 2022-06-04 11:09:56 --> Undefined variable $groups
#0 C:\xampp\htdocs\wedding_org\app\Views\undangan\add.php(30): CodeIgniter\Debug\Exceptions->errorHandler(2, 'Undefined varia...', 'C:\\xampp\\htdocs...', 30)
#1 C:\xampp\htdocs\wedding_org\system\View\View.php(210): include('C:\\xampp\\htdocs...')
#2 C:\xampp\htdocs\wedding_org\system\View\View.php(213): CodeIgniter\View\View->CodeIgniter\View\{closure}()
#3 C:\xampp\htdocs\wedding_org\system\Common.php(1089): CodeIgniter\View\View->render('undangan/add', Array, true)
#4 C:\xampp\htdocs\wedding_org\app\Controllers\Undangan.php(16): view('undangan/add')
#5 C:\xampp\htdocs\wedding_org\system\CodeIgniter.php(832): App\Controllers\Undangan->add()
#6 C:\xampp\htdocs\wedding_org\system\CodeIgniter.php(419): CodeIgniter\CodeIgniter->runController(Object(App\Controllers\Undangan))
#7 C:\xampp\htdocs\wedding_org\system\CodeIgniter.php(326): CodeIgniter\CodeIgniter->handleRequest(NULL, Object(Config\Cache), false)
#8 C:\xampp\htdocs\wedding_org\public\index.php(37): CodeIgniter\CodeIgniter->run()
#9 C:\xampp\htdocs\wedding_org\system\Commands\Server\rewrite.php(43): require_once('C:\\xampp\\htdocs...')
#10 {main}
CRITICAL - 2022-06-04 11:10:53 --> Undefined property: App\Controllers\Undangan::$gawe
#0 C:\xampp\htdocs\wedding_org\app\Controllers\Undangan.php(16): CodeIgniter\Debug\Exceptions->errorHandler(2, 'Undefined prope...', 'C:\\xampp\\htdocs...', 16)
#1 C:\xampp\htdocs\wedding_org\system\CodeIgniter.php(832): App\Controllers\Undangan->add()
#2 C:\xampp\htdocs\wedding_org\system\CodeIgniter.php(419): CodeIgniter\CodeIgniter->runController(Object(App\Controllers\Undangan))
#3 C:\xampp\htdocs\wedding_org\system\CodeIgniter.php(326): CodeIgniter\CodeIgniter->handleRequest(NULL, Object(Config\Cache), false)
#4 C:\xampp\htdocs\wedding_org\public\index.php(37): CodeIgniter\CodeIgniter->run()
#5 C:\xampp\htdocs\wedding_org\system\Commands\Server\rewrite.php(43): require_once('C:\\xampp\\htdocs...')
#6 {main}
CRITICAL - 2022-06-04 11:12:36 --> Undefined property: App\Controllers\Undangan::$gawe
#0 C:\xampp\htdocs\wedding_org\app\Controllers\Undangan.php(16): CodeIgniter\Debug\Exceptions->errorHandler(2, 'Undefined prope...', 'C:\\xampp\\htdocs...', 16)
#1 C:\xampp\htdocs\wedding_org\system\CodeIgniter.php(832): App\Controllers\Undangan->add()
#2 C:\xampp\htdocs\wedding_org\system\CodeIgniter.php(419): CodeIgniter\CodeIgniter->runController(Object(App\Controllers\Undangan))
#3 C:\xampp\htdocs\wedding_org\system\CodeIgniter.php(326): CodeIgniter\CodeIgniter->handleRequest(NULL, Object(Config\Cache), false)
#4 C:\xampp\htdocs\wedding_org\public\index.php(37): CodeIgniter\CodeIgniter->run()
#5 C:\xampp\htdocs\wedding_org\system\Commands\Server\rewrite.php(43): require_once('C:\\xampp\\htdocs...')
#6 {main}
