ERROR - 2022-06-10 10:51:21 --> Error connecting to the database: No connection could be made because the target machine actively refused it
CRITICAL - 2022-06-10 10:51:21 --> Unable to connect to the database.
Main connection [MySQLi]: No connection could be made because the target machine actively refused it
#0 C:\xampp\htdocs\wedding_org\system\Database\BaseConnection.php(577): CodeIgniter\Database\BaseConnection->initialize()
#1 C:\xampp\htdocs\wedding_org\system\Database\BaseBuilder.php(1588): CodeIgniter\Database\BaseConnection->query('SELECT *\nFROM `...', Array, false)
#2 C:\xampp\htdocs\wedding_org\app\Controllers\Auth.php(21): CodeIgniter\Database\BaseBuilder->getWhere(Array)
#3 C:\xampp\htdocs\wedding_org\system\CodeIgniter.php(832): App\Controllers\Auth->loginProcess()
#4 C:\xampp\htdocs\wedding_org\system\CodeIgniter.php(419): CodeIgniter\CodeIgniter->runController(Object(App\Controllers\Auth))
#5 C:\xampp\htdocs\wedding_org\system\CodeIgniter.php(326): CodeIgniter\CodeIgniter->handleRequest(NULL, Object(Config\Cache), false)
#6 C:\xampp\htdocs\wedding_org\public\index.php(37): CodeIgniter\CodeIgniter->run()
#7 C:\xampp\htdocs\wedding_org\system\Commands\Server\rewrite.php(43): require_once('C:\\xampp\\htdocs...')
#8 {main}
ERROR - 2022-06-10 10:51:49 --> Error connecting to the database: No connection could be made because the target machine actively refused it
CRITICAL - 2022-06-10 10:51:49 --> Unable to connect to the database.
Main connection [MySQLi]: No connection could be made because the target machine actively refused it
#0 C:\xampp\htdocs\wedding_org\system\Database\BaseConnection.php(577): CodeIgniter\Database\BaseConnection->initialize()
#1 C:\xampp\htdocs\wedding_org\system\Database\BaseBuilder.php(1588): CodeIgniter\Database\BaseConnection->query('SELECT *\nFROM `...', Array, false)
#2 C:\xampp\htdocs\wedding_org\app\Controllers\Auth.php(21): CodeIgniter\Database\BaseBuilder->getWhere(Array)
#3 C:\xampp\htdocs\wedding_org\system\CodeIgniter.php(832): App\Controllers\Auth->loginProcess()
#4 C:\xampp\htdocs\wedding_org\system\CodeIgniter.php(419): CodeIgniter\CodeIgniter->runController(Object(App\Controllers\Auth))
#5 C:\xampp\htdocs\wedding_org\system\CodeIgniter.php(326): CodeIgniter\CodeIgniter->handleRequest(NULL, Object(Config\Cache), false)
#6 C:\xampp\htdocs\wedding_org\public\index.php(37): CodeIgniter\CodeIgniter->run()
#7 C:\xampp\htdocs\wedding_org\system\Commands\Server\rewrite.php(43): require_once('C:\\xampp\\htdocs...')
#8 {main}
ERROR - 2022-06-10 10:52:27 --> Error connecting to the database: No connection could be made because the target machine actively refused it
CRITICAL - 2022-06-10 10:52:27 --> Unable to connect to the database.
Main connection [MySQLi]: No connection could be made because the target machine actively refused it
#0 C:\xampp\htdocs\wedding_org\system\Database\BaseConnection.php(577): CodeIgniter\Database\BaseConnection->initialize()
#1 C:\xampp\htdocs\wedding_org\system\Database\BaseBuilder.php(1588): CodeIgniter\Database\BaseConnection->query('SELECT *\nFROM `...', Array, false)
#2 C:\xampp\htdocs\wedding_org\app\Controllers\Auth.php(21): CodeIgniter\Database\BaseBuilder->getWhere(Array)
#3 C:\xampp\htdocs\wedding_org\system\CodeIgniter.php(832): App\Controllers\Auth->loginProcess()
#4 C:\xampp\htdocs\wedding_org\system\CodeIgniter.php(419): CodeIgniter\CodeIgniter->runController(Object(App\Controllers\Auth))
#5 C:\xampp\htdocs\wedding_org\system\CodeIgniter.php(326): CodeIgniter\CodeIgniter->handleRequest(NULL, Object(Config\Cache), false)
#6 C:\xampp\htdocs\wedding_org\public\index.php(37): CodeIgniter\CodeIgniter->run()
#7 C:\xampp\htdocs\wedding_org\system\Commands\Server\rewrite.php(43): require_once('C:\\xampp\\htdocs...')
#8 {main}
ERROR - 2022-06-10 10:52:42 --> Error connecting to the database: No connection could be made because the target machine actively refused it
CRITICAL - 2022-06-10 10:52:42 --> Unable to connect to the database.
Main connection [MySQLi]: No connection could be made because the target machine actively refused it
#0 C:\xampp\htdocs\wedding_org\system\Database\BaseConnection.php(577): CodeIgniter\Database\BaseConnection->initialize()
#1 C:\xampp\htdocs\wedding_org\system\Database\BaseBuilder.php(1588): CodeIgniter\Database\BaseConnection->query('SELECT *\nFROM `...', Array, false)
#2 C:\xampp\htdocs\wedding_org\app\Controllers\Auth.php(21): CodeIgniter\Database\BaseBuilder->getWhere(Array)
#3 C:\xampp\htdocs\wedding_org\system\CodeIgniter.php(832): App\Controllers\Auth->loginProcess()
#4 C:\xampp\htdocs\wedding_org\system\CodeIgniter.php(419): CodeIgniter\CodeIgniter->runController(Object(App\Controllers\Auth))
#5 C:\xampp\htdocs\wedding_org\system\CodeIgniter.php(326): CodeIgniter\CodeIgniter->handleRequest(NULL, Object(Config\Cache), false)
#6 C:\xampp\htdocs\wedding_org\public\index.php(37): CodeIgniter\CodeIgniter->run()
#7 C:\xampp\htdocs\wedding_org\system\Commands\Server\rewrite.php(43): require_once('C:\\xampp\\htdocs...')
#8 {main}
ERROR - 2022-06-10 10:53:35 --> Error connecting to the database: No connection could be made because the target machine actively refused it
CRITICAL - 2022-06-10 10:53:35 --> Unable to connect to the database.
Main connection [MySQLi]: No connection could be made because the target machine actively refused it
#0 C:\xampp\htdocs\wedding_org\system\Database\BaseConnection.php(577): CodeIgniter\Database\BaseConnection->initialize()
#1 C:\xampp\htdocs\wedding_org\system\Database\BaseBuilder.php(1588): CodeIgniter\Database\BaseConnection->query('SELECT *\nFROM `...', Array, false)
#2 C:\xampp\htdocs\wedding_org\app\Controllers\Auth.php(21): CodeIgniter\Database\BaseBuilder->getWhere(Array)
#3 C:\xampp\htdocs\wedding_org\system\CodeIgniter.php(832): App\Controllers\Auth->loginProcess()
#4 C:\xampp\htdocs\wedding_org\system\CodeIgniter.php(419): CodeIgniter\CodeIgniter->runController(Object(App\Controllers\Auth))
#5 C:\xampp\htdocs\wedding_org\system\CodeIgniter.php(326): CodeIgniter\CodeIgniter->handleRequest(NULL, Object(Config\Cache), false)
#6 C:\xampp\htdocs\wedding_org\public\index.php(37): CodeIgniter\CodeIgniter->run()
#7 C:\xampp\htdocs\wedding_org\system\Commands\Server\rewrite.php(43): require_once('C:\\xampp\\htdocs...')
#8 {main}
ERROR - 2022-06-10 10:55:18 --> Error connecting to the database: No connection could be made because the target machine actively refused it
CRITICAL - 2022-06-10 10:55:18 --> Unable to connect to the database.
Main connection [MySQLi]: No connection could be made because the target machine actively refused it
#0 C:\xampp\htdocs\wedding_org\system\Database\BaseConnection.php(577): CodeIgniter\Database\BaseConnection->initialize()
#1 C:\xampp\htdocs\wedding_org\system\Database\BaseBuilder.php(1588): CodeIgniter\Database\BaseConnection->query('SELECT *\nFROM `...', Array, false)
#2 C:\xampp\htdocs\wedding_org\app\Controllers\Auth.php(21): CodeIgniter\Database\BaseBuilder->getWhere(Array)
#3 C:\xampp\htdocs\wedding_org\system\CodeIgniter.php(832): App\Controllers\Auth->loginProcess()
#4 C:\xampp\htdocs\wedding_org\system\CodeIgniter.php(419): CodeIgniter\CodeIgniter->runController(Object(App\Controllers\Auth))
#5 C:\xampp\htdocs\wedding_org\system\CodeIgniter.php(326): CodeIgniter\CodeIgniter->handleRequest(NULL, Object(Config\Cache), false)
#6 C:\xampp\htdocs\wedding_org\public\index.php(37): CodeIgniter\CodeIgniter->run()
#7 C:\xampp\htdocs\wedding_org\system\Commands\Server\rewrite.php(43): require_once('C:\\xampp\\htdocs...')
#8 {main}
ERROR - 2022-06-10 10:55:44 --> Error connecting to the database: No connection could be made because the target machine actively refused it
CRITICAL - 2022-06-10 10:55:44 --> Unable to connect to the database.
Main connection [MySQLi]: No connection could be made because the target machine actively refused it
#0 C:\xampp\htdocs\wedding_org\system\Database\BaseConnection.php(577): CodeIgniter\Database\BaseConnection->initialize()
#1 C:\xampp\htdocs\wedding_org\system\Database\BaseBuilder.php(1588): CodeIgniter\Database\BaseConnection->query('SELECT *\nFROM `...', Array, false)
#2 C:\xampp\htdocs\wedding_org\app\Controllers\Auth.php(21): CodeIgniter\Database\BaseBuilder->getWhere(Array)
#3 C:\xampp\htdocs\wedding_org\system\CodeIgniter.php(832): App\Controllers\Auth->loginProcess()
#4 C:\xampp\htdocs\wedding_org\system\CodeIgniter.php(419): CodeIgniter\CodeIgniter->runController(Object(App\Controllers\Auth))
#5 C:\xampp\htdocs\wedding_org\system\CodeIgniter.php(326): CodeIgniter\CodeIgniter->handleRequest(NULL, Object(Config\Cache), false)
#6 C:\xampp\htdocs\wedding_org\public\index.php(37): CodeIgniter\CodeIgniter->run()
#7 C:\xampp\htdocs\wedding_org\system\Commands\Server\rewrite.php(43): require_once('C:\\xampp\\htdocs...')
#8 {main}
CRITICAL - 2022-06-10 11:01:26 --> Undefined variable $gawe
#0 C:\xampp\htdocs\wedding_org\app\Views\undangan\index.php(54): CodeIgniter\Debug\Exceptions->errorHandler(2, 'Undefined varia...', 'C:\\xampp\\htdocs...', 54)
#1 C:\xampp\htdocs\wedding_org\system\View\View.php(210): include('C:\\xampp\\htdocs...')
#2 C:\xampp\htdocs\wedding_org\system\View\View.php(213): CodeIgniter\View\View->CodeIgniter\View\{closure}()
#3 C:\xampp\htdocs\wedding_org\system\Common.php(1089): CodeIgniter\View\View->render('undangan/index', Array, true)
#4 C:\xampp\htdocs\wedding_org\app\Controllers\Undangan.php(11): view('undangan/index')
#5 C:\xampp\htdocs\wedding_org\system\CodeIgniter.php(832): App\Controllers\Undangan->index()
#6 C:\xampp\htdocs\wedding_org\system\CodeIgniter.php(419): CodeIgniter\CodeIgniter->runController(Object(App\Controllers\Undangan))
#7 C:\xampp\htdocs\wedding_org\system\CodeIgniter.php(326): CodeIgniter\CodeIgniter->handleRequest(NULL, Object(Config\Cache), false)
#8 C:\xampp\htdocs\wedding_org\public\index.php(37): CodeIgniter\CodeIgniter->run()
#9 C:\xampp\htdocs\wedding_org\system\Commands\Server\rewrite.php(43): require_once('C:\\xampp\\htdocs...')
#10 {main}
ERROR - 2022-06-10 11:40:15 --> Can't DROP FOREIGN KEY `contacts_id_group_foreign`; check that it exists
CRITICAL - 2022-06-10 11:48:22 --> Class "App\Controllers\ContactModel" not found
#0 C:\xampp\htdocs\wedding_org\system\CodeIgniter.php(809): App\Controllers\Undangan->__construct()
#1 C:\xampp\htdocs\wedding_org\system\CodeIgniter.php(410): CodeIgniter\CodeIgniter->createController()
#2 C:\xampp\htdocs\wedding_org\system\CodeIgniter.php(326): CodeIgniter\CodeIgniter->handleRequest(NULL, Object(Config\Cache), false)
#3 C:\xampp\htdocs\wedding_org\public\index.php(37): CodeIgniter\CodeIgniter->run()
#4 C:\xampp\htdocs\wedding_org\system\Commands\Server\rewrite.php(43): require_once('C:\\xampp\\htdocs...')
#5 {main}
CRITICAL - 2022-06-10 11:56:02 --> Undefined variable $groups
#0 C:\xampp\htdocs\wedding_org\app\Views\undangan\add.php(26): CodeIgniter\Debug\Exceptions->errorHandler(2, 'Undefined varia...', 'C:\\xampp\\htdocs...', 26)
#1 C:\xampp\htdocs\wedding_org\system\View\View.php(210): include('C:\\xampp\\htdocs...')
#2 C:\xampp\htdocs\wedding_org\system\View\View.php(213): CodeIgniter\View\View->CodeIgniter\View\{closure}()
#3 C:\xampp\htdocs\wedding_org\system\Common.php(1089): CodeIgniter\View\View->render('undangan/add', Array, true)
#4 C:\xampp\htdocs\wedding_org\app\Controllers\Undangan.php(26): view('undangan/add')
#5 C:\xampp\htdocs\wedding_org\system\CodeIgniter.php(832): App\Controllers\Undangan->add()
#6 C:\xampp\htdocs\wedding_org\system\CodeIgniter.php(419): CodeIgniter\CodeIgniter->runController(Object(App\Controllers\Undangan))
#7 C:\xampp\htdocs\wedding_org\system\CodeIgniter.php(326): CodeIgniter\CodeIgniter->handleRequest(NULL, Object(Config\Cache), false)
#8 C:\xampp\htdocs\wedding_org\public\index.php(37): CodeIgniter\CodeIgniter->run()
#9 C:\xampp\htdocs\wedding_org\system\Commands\Server\rewrite.php(43): require_once('C:\\xampp\\htdocs...')
#10 {main}
CRITICAL - 2022-06-10 12:03:13 --> Undefined variable $gawe
#0 C:\xampp\htdocs\wedding_org\app\Views\undangan\add.php(26): CodeIgniter\Debug\Exceptions->errorHandler(2, 'Undefined varia...', 'C:\\xampp\\htdocs...', 26)
#1 C:\xampp\htdocs\wedding_org\system\View\View.php(210): include('C:\\xampp\\htdocs...')
#2 C:\xampp\htdocs\wedding_org\system\View\View.php(213): CodeIgniter\View\View->CodeIgniter\View\{closure}()
#3 C:\xampp\htdocs\wedding_org\system\Common.php(1089): CodeIgniter\View\View->render('undangan/add', Array, true)
#4 C:\xampp\htdocs\wedding_org\app\Controllers\Undangan.php(26): view('undangan/add')
#5 C:\xampp\htdocs\wedding_org\system\CodeIgniter.php(832): App\Controllers\Undangan->add()
#6 C:\xampp\htdocs\wedding_org\system\CodeIgniter.php(419): CodeIgniter\CodeIgniter->runController(Object(App\Controllers\Undangan))
#7 C:\xampp\htdocs\wedding_org\system\CodeIgniter.php(326): CodeIgniter\CodeIgniter->handleRequest(NULL, Object(Config\Cache), false)
#8 C:\xampp\htdocs\wedding_org\public\index.php(37): CodeIgniter\CodeIgniter->run()
#9 C:\xampp\htdocs\wedding_org\system\Commands\Server\rewrite.php(43): require_once('C:\\xampp\\htdocs...')
#10 {main}
CRITICAL - 2022-06-10 12:03:40 --> Undefined variable $groups
#0 C:\xampp\htdocs\wedding_org\app\Views\undangan\add.php(30): CodeIgniter\Debug\Exceptions->errorHandler(2, 'Undefined varia...', 'C:\\xampp\\htdocs...', 30)
#1 C:\xampp\htdocs\wedding_org\system\View\View.php(210): include('C:\\xampp\\htdocs...')
#2 C:\xampp\htdocs\wedding_org\system\View\View.php(213): CodeIgniter\View\View->CodeIgniter\View\{closure}()
#3 C:\xampp\htdocs\wedding_org\system\Common.php(1089): CodeIgniter\View\View->render('undangan/add', Array, true)
#4 C:\xampp\htdocs\wedding_org\app\Controllers\Undangan.php(26): view('undangan/add')
#5 C:\xampp\htdocs\wedding_org\system\CodeIgniter.php(832): App\Controllers\Undangan->add()
#6 C:\xampp\htdocs\wedding_org\system\CodeIgniter.php(419): CodeIgniter\CodeIgniter->runController(Object(App\Controllers\Undangan))
#7 C:\xampp\htdocs\wedding_org\system\CodeIgniter.php(326): CodeIgniter\CodeIgniter->handleRequest(NULL, Object(Config\Cache), false)
#8 C:\xampp\htdocs\wedding_org\public\index.php(37): CodeIgniter\CodeIgniter->run()
#9 C:\xampp\htdocs\wedding_org\system\Commands\Server\rewrite.php(43): require_once('C:\\xampp\\htdocs...')
#10 {main}
CRITICAL - 2022-06-10 12:03:41 --> Undefined variable $groups
#0 C:\xampp\htdocs\wedding_org\app\Views\undangan\add.php(30): CodeIgniter\Debug\Exceptions->errorHandler(2, 'Undefined varia...', 'C:\\xampp\\htdocs...', 30)
#1 C:\xampp\htdocs\wedding_org\system\View\View.php(210): include('C:\\xampp\\htdocs...')
#2 C:\xampp\htdocs\wedding_org\system\View\View.php(213): CodeIgniter\View\View->CodeIgniter\View\{closure}()
#3 C:\xampp\htdocs\wedding_org\system\Common.php(1089): CodeIgniter\View\View->render('undangan/add', Array, true)
#4 C:\xampp\htdocs\wedding_org\app\Controllers\Undangan.php(26): view('undangan/add')
#5 C:\xampp\htdocs\wedding_org\system\CodeIgniter.php(832): App\Controllers\Undangan->add()
#6 C:\xampp\htdocs\wedding_org\system\CodeIgniter.php(419): CodeIgniter\CodeIgniter->runController(Object(App\Controllers\Undangan))
#7 C:\xampp\htdocs\wedding_org\system\CodeIgniter.php(326): CodeIgniter\CodeIgniter->handleRequest(NULL, Object(Config\Cache), false)
#8 C:\xampp\htdocs\wedding_org\public\index.php(37): CodeIgniter\CodeIgniter->run()
#9 C:\xampp\htdocs\wedding_org\system\Commands\Server\rewrite.php(43): require_once('C:\\xampp\\htdocs...')
#10 {main}
CRITICAL - 2022-06-10 12:04:53 --> Undefined variable $value
#0 C:\xampp\htdocs\wedding_org\app\Views\undangan\add.php(28): CodeIgniter\Debug\Exceptions->errorHandler(2, 'Undefined varia...', 'C:\\xampp\\htdocs...', 28)
#1 C:\xampp\htdocs\wedding_org\system\View\View.php(210): include('C:\\xampp\\htdocs...')
#2 C:\xampp\htdocs\wedding_org\system\View\View.php(213): CodeIgniter\View\View->CodeIgniter\View\{closure}()
#3 C:\xampp\htdocs\wedding_org\system\Common.php(1089): CodeIgniter\View\View->render('undangan/add', Array, true)
#4 C:\xampp\htdocs\wedding_org\app\Controllers\Undangan.php(26): view('undangan/add')
#5 C:\xampp\htdocs\wedding_org\system\CodeIgniter.php(832): App\Controllers\Undangan->add()
#6 C:\xampp\htdocs\wedding_org\system\CodeIgniter.php(419): CodeIgniter\CodeIgniter->runController(Object(App\Controllers\Undangan))
#7 C:\xampp\htdocs\wedding_org\system\CodeIgniter.php(326): CodeIgniter\CodeIgniter->handleRequest(NULL, Object(Config\Cache), false)
#8 C:\xampp\htdocs\wedding_org\public\index.php(37): CodeIgniter\CodeIgniter->run()
#9 C:\xampp\htdocs\wedding_org\system\Commands\Server\rewrite.php(43): require_once('C:\\xampp\\htdocs...')
#10 {main}
CRITICAL - 2022-06-10 12:04:54 --> Undefined variable $value
#0 C:\xampp\htdocs\wedding_org\app\Views\undangan\add.php(28): CodeIgniter\Debug\Exceptions->errorHandler(2, 'Undefined varia...', 'C:\\xampp\\htdocs...', 28)
#1 C:\xampp\htdocs\wedding_org\system\View\View.php(210): include('C:\\xampp\\htdocs...')
#2 C:\xampp\htdocs\wedding_org\system\View\View.php(213): CodeIgniter\View\View->CodeIgniter\View\{closure}()
#3 C:\xampp\htdocs\wedding_org\system\Common.php(1089): CodeIgniter\View\View->render('undangan/add', Array, true)
#4 C:\xampp\htdocs\wedding_org\app\Controllers\Undangan.php(26): view('undangan/add')
#5 C:\xampp\htdocs\wedding_org\system\CodeIgniter.php(832): App\Controllers\Undangan->add()
#6 C:\xampp\htdocs\wedding_org\system\CodeIgniter.php(419): CodeIgniter\CodeIgniter->runController(Object(App\Controllers\Undangan))
#7 C:\xampp\htdocs\wedding_org\system\CodeIgniter.php(326): CodeIgniter\CodeIgniter->handleRequest(NULL, Object(Config\Cache), false)
#8 C:\xampp\htdocs\wedding_org\public\index.php(37): CodeIgniter\CodeIgniter->run()
#9 C:\xampp\htdocs\wedding_org\system\Commands\Server\rewrite.php(43): require_once('C:\\xampp\\htdocs...')
#10 {main}
CRITICAL - 2022-06-10 12:04:55 --> Undefined variable $value
#0 C:\xampp\htdocs\wedding_org\app\Views\undangan\add.php(28): CodeIgniter\Debug\Exceptions->errorHandler(2, 'Undefined varia...', 'C:\\xampp\\htdocs...', 28)
#1 C:\xampp\htdocs\wedding_org\system\View\View.php(210): include('C:\\xampp\\htdocs...')
#2 C:\xampp\htdocs\wedding_org\system\View\View.php(213): CodeIgniter\View\View->CodeIgniter\View\{closure}()
#3 C:\xampp\htdocs\wedding_org\system\Common.php(1089): CodeIgniter\View\View->render('undangan/add', Array, true)
#4 C:\xampp\htdocs\wedding_org\app\Controllers\Undangan.php(26): view('undangan/add')
#5 C:\xampp\htdocs\wedding_org\system\CodeIgniter.php(832): App\Controllers\Undangan->add()
#6 C:\xampp\htdocs\wedding_org\system\CodeIgniter.php(419): CodeIgniter\CodeIgniter->runController(Object(App\Controllers\Undangan))
#7 C:\xampp\htdocs\wedding_org\system\CodeIgniter.php(326): CodeIgniter\CodeIgniter->handleRequest(NULL, Object(Config\Cache), false)
#8 C:\xampp\htdocs\wedding_org\public\index.php(37): CodeIgniter\CodeIgniter->run()
#9 C:\xampp\htdocs\wedding_org\system\Commands\Server\rewrite.php(43): require_once('C:\\xampp\\htdocs...')
#10 {main}
CRITICAL - 2022-06-10 12:09:39 --> Undefined variable $groups
#0 C:\xampp\htdocs\wedding_org\app\Views\undangan\add.php(30): CodeIgniter\Debug\Exceptions->errorHandler(2, 'Undefined varia...', 'C:\\xampp\\htdocs...', 30)
#1 C:\xampp\htdocs\wedding_org\system\View\View.php(210): include('C:\\xampp\\htdocs...')
#2 C:\xampp\htdocs\wedding_org\system\View\View.php(213): CodeIgniter\View\View->CodeIgniter\View\{closure}()
#3 C:\xampp\htdocs\wedding_org\system\Common.php(1089): CodeIgniter\View\View->render('undangan/add', Array, true)
#4 C:\xampp\htdocs\wedding_org\app\Controllers\Undangan.php(26): view('undangan/add')
#5 C:\xampp\htdocs\wedding_org\system\CodeIgniter.php(832): App\Controllers\Undangan->add()
#6 C:\xampp\htdocs\wedding_org\system\CodeIgniter.php(419): CodeIgniter\CodeIgniter->runController(Object(App\Controllers\Undangan))
#7 C:\xampp\htdocs\wedding_org\system\CodeIgniter.php(326): CodeIgniter\CodeIgniter->handleRequest(NULL, Object(Config\Cache), false)
#8 C:\xampp\htdocs\wedding_org\public\index.php(37): CodeIgniter\CodeIgniter->run()
#9 C:\xampp\htdocs\wedding_org\system\Commands\Server\rewrite.php(43): require_once('C:\\xampp\\htdocs...')
#10 {main}
CRITICAL - 2022-06-10 12:09:43 --> Undefined variable $groups
#0 C:\xampp\htdocs\wedding_org\app\Views\undangan\add.php(30): CodeIgniter\Debug\Exceptions->errorHandler(2, 'Undefined varia...', 'C:\\xampp\\htdocs...', 30)
#1 C:\xampp\htdocs\wedding_org\system\View\View.php(210): include('C:\\xampp\\htdocs...')
#2 C:\xampp\htdocs\wedding_org\system\View\View.php(213): CodeIgniter\View\View->CodeIgniter\View\{closure}()
#3 C:\xampp\htdocs\wedding_org\system\Common.php(1089): CodeIgniter\View\View->render('undangan/add', Array, true)
#4 C:\xampp\htdocs\wedding_org\app\Controllers\Undangan.php(26): view('undangan/add')
#5 C:\xampp\htdocs\wedding_org\system\CodeIgniter.php(832): App\Controllers\Undangan->add()
#6 C:\xampp\htdocs\wedding_org\system\CodeIgniter.php(419): CodeIgniter\CodeIgniter->runController(Object(App\Controllers\Undangan))
#7 C:\xampp\htdocs\wedding_org\system\CodeIgniter.php(326): CodeIgniter\CodeIgniter->handleRequest(NULL, Object(Config\Cache), false)
#8 C:\xampp\htdocs\wedding_org\public\index.php(37): CodeIgniter\CodeIgniter->run()
#9 C:\xampp\htdocs\wedding_org\system\Commands\Server\rewrite.php(43): require_once('C:\\xampp\\htdocs...')
#10 {main}
CRITICAL - 2022-06-10 12:12:48 --> Undefined property: App\Controllers\Undangan::$gawe
#0 C:\xampp\htdocs\wedding_org\app\Controllers\Undangan.php(26): CodeIgniter\Debug\Exceptions->errorHandler(2, 'Undefined prope...', 'C:\\xampp\\htdocs...', 26)
#1 C:\xampp\htdocs\wedding_org\system\CodeIgniter.php(832): App\Controllers\Undangan->add()
#2 C:\xampp\htdocs\wedding_org\system\CodeIgniter.php(419): CodeIgniter\CodeIgniter->runController(Object(App\Controllers\Undangan))
#3 C:\xampp\htdocs\wedding_org\system\CodeIgniter.php(326): CodeIgniter\CodeIgniter->handleRequest(NULL, Object(Config\Cache), false)
#4 C:\xampp\htdocs\wedding_org\public\index.php(37): CodeIgniter\CodeIgniter->run()
#5 C:\xampp\htdocs\wedding_org\system\Commands\Server\rewrite.php(43): require_once('C:\\xampp\\htdocs...')
#6 {main}
CRITICAL - 2022-06-10 12:13:46 --> Undefined property: App\Controllers\Undangan::$gawe
#0 C:\xampp\htdocs\wedding_org\app\Controllers\Undangan.php(26): CodeIgniter\Debug\Exceptions->errorHandler(2, 'Undefined prope...', 'C:\\xampp\\htdocs...', 26)
#1 C:\xampp\htdocs\wedding_org\system\CodeIgniter.php(832): App\Controllers\Undangan->add()
#2 C:\xampp\htdocs\wedding_org\system\CodeIgniter.php(419): CodeIgniter\CodeIgniter->runController(Object(App\Controllers\Undangan))
#3 C:\xampp\htdocs\wedding_org\system\CodeIgniter.php(326): CodeIgniter\CodeIgniter->handleRequest(NULL, Object(Config\Cache), false)
#4 C:\xampp\htdocs\wedding_org\public\index.php(37): CodeIgniter\CodeIgniter->run()
#5 C:\xampp\htdocs\wedding_org\system\Commands\Server\rewrite.php(43): require_once('C:\\xampp\\htdocs...')
#6 {main}
CRITICAL - 2022-06-10 12:13:47 --> Undefined property: App\Controllers\Undangan::$gawe
#0 C:\xampp\htdocs\wedding_org\app\Controllers\Undangan.php(26): CodeIgniter\Debug\Exceptions->errorHandler(2, 'Undefined prope...', 'C:\\xampp\\htdocs...', 26)
#1 C:\xampp\htdocs\wedding_org\system\CodeIgniter.php(832): App\Controllers\Undangan->add()
#2 C:\xampp\htdocs\wedding_org\system\CodeIgniter.php(419): CodeIgniter\CodeIgniter->runController(Object(App\Controllers\Undangan))
#3 C:\xampp\htdocs\wedding_org\system\CodeIgniter.php(326): CodeIgniter\CodeIgniter->handleRequest(NULL, Object(Config\Cache), false)
#4 C:\xampp\htdocs\wedding_org\public\index.php(37): CodeIgniter\CodeIgniter->run()
#5 C:\xampp\htdocs\wedding_org\system\Commands\Server\rewrite.php(43): require_once('C:\\xampp\\htdocs...')
#6 {main}
CRITICAL - 2022-06-10 12:15:04 --> Undefined variable $contacts
#0 C:\xampp\htdocs\wedding_org\app\Views\undangan\add.php(39): CodeIgniter\Debug\Exceptions->errorHandler(2, 'Undefined varia...', 'C:\\xampp\\htdocs...', 39)
#1 C:\xampp\htdocs\wedding_org\system\View\View.php(210): include('C:\\xampp\\htdocs...')
#2 C:\xampp\htdocs\wedding_org\system\View\View.php(213): CodeIgniter\View\View->CodeIgniter\View\{closure}()
#3 C:\xampp\htdocs\wedding_org\system\Common.php(1089): CodeIgniter\View\View->render('undangan/add', Array, true)
#4 C:\xampp\htdocs\wedding_org\app\Controllers\Undangan.php(27): view('undangan/add', Array)
#5 C:\xampp\htdocs\wedding_org\system\CodeIgniter.php(832): App\Controllers\Undangan->add()
#6 C:\xampp\htdocs\wedding_org\system\CodeIgniter.php(419): CodeIgniter\CodeIgniter->runController(Object(App\Controllers\Undangan))
#7 C:\xampp\htdocs\wedding_org\system\CodeIgniter.php(326): CodeIgniter\CodeIgniter->handleRequest(NULL, Object(Config\Cache), false)
#8 C:\xampp\htdocs\wedding_org\public\index.php(37): CodeIgniter\CodeIgniter->run()
#9 C:\xampp\htdocs\wedding_org\system\Commands\Server\rewrite.php(43): require_once('C:\\xampp\\htdocs...')
#10 {main}
CRITICAL - 2022-06-10 12:23:51 --> Undefined variable $value
#0 C:\xampp\htdocs\wedding_org\app\Views\undangan\add.php(25): CodeIgniter\Debug\Exceptions->errorHandler(2, 'Undefined varia...', 'C:\\xampp\\htdocs...', 25)
#1 C:\xampp\htdocs\wedding_org\system\View\View.php(210): include('C:\\xampp\\htdocs...')
#2 C:\xampp\htdocs\wedding_org\system\View\View.php(213): CodeIgniter\View\View->CodeIgniter\View\{closure}()
#3 C:\xampp\htdocs\wedding_org\system\Common.php(1089): CodeIgniter\View\View->render('undangan/add', Array, true)
#4 C:\xampp\htdocs\wedding_org\app\Controllers\Undangan.php(28): view('undangan/add', Array)
#5 C:\xampp\htdocs\wedding_org\system\CodeIgniter.php(832): App\Controllers\Undangan->add()
#6 C:\xampp\htdocs\wedding_org\system\CodeIgniter.php(419): CodeIgniter\CodeIgniter->runController(Object(App\Controllers\Undangan))
#7 C:\xampp\htdocs\wedding_org\system\CodeIgniter.php(326): CodeIgniter\CodeIgniter->handleRequest(NULL, Object(Config\Cache), false)
#8 C:\xampp\htdocs\wedding_org\public\index.php(37): CodeIgniter\CodeIgniter->run()
#9 C:\xampp\htdocs\wedding_org\system\Commands\Server\rewrite.php(43): require_once('C:\\xampp\\htdocs...')
#10 {main}
